2017-02-07 09:10:36 Error: test
2017-02-07 09:10:49 Error: test
2017-02-07 09:11:22 Error: test
2017-02-07 09:11:36 Error: test
2017-02-07 09:16:49 Error: test
2017-02-07 09:20:37 Error: test
2017-02-07 09:22:29 Error: [MissingControllerException] Controller class RespoderController could not be found.
Exception Attributes: array (
  'class' => 'RespoderController',
  'plugin' => NULL,
)
Request URL: /respoder
Stack Trace:
#0 /Applications/MAMP/htdocs/oahelper/app/webroot/index.php(118): Dispatcher->dispatch(Object(CakeRequest), Object(CakeResponse))
#1 {main}
2017-02-07 09:23:02 Error: test
2017-02-07 09:24:06 Error: test
2017-02-07 09:24:21 Error: test
2017-02-07 09:27:31 Error: test
2017-02-07 09:27:42 Error: test
2017-02-07 10:04:28 Error: test
2017-02-07 10:40:20 Error: test
2017-02-07 10:40:32 Error: test
2017-02-07 10:40:40 Error: test
